<?xml version="1.0" encoding="UTF-8"?>
<testng-results ignored="0" total="1" passed="1" failed="0" skipped="0">
  <reporter-output>
  </reporter-output>
  <suite started-at="2024-12-11T21:30:10 EET" name="tests.ContactUsTest" finished-at="2024-12-11T21:30:16 EET" duration-ms="6118">
    <groups>
    </groups>
    <test started-at="2024-12-11T21:30:10 EET" name="Command line test" finished-at="2024-12-11T21:30:16 EET" duration-ms="6118">
      <class name="tests.ContactUsTest">
        <test-method is-config="true" signature="beforeMethod()[pri:0, instance:tests.ContactUsTest@2de23121]" started-at="2024-12-11T21:30:10 EET" name="beforeMethod" finished-at="2024-12-11T21:30:13 EET" duration-ms="2924" status="PASS">
          <reporter-output>
          </reporter-output>
        </test-method> <!-- beforeMethod -->
        <test-method signature="FillTheContactUsWithValidData()[pri:1, instance:tests.ContactUsTest@2de23121]" started-at="2024-12-11T21:30:13 EET" name="FillTheContactUsWithValidData" description="Fill the contact us with valid data." finished-at="2024-12-11T21:30:16 EET" duration-ms="2834" status="PASS">
          <reporter-output>
          </reporter-output>
        </test-method> <!-- FillTheContactUsWithValidData -->
        <test-method is-config="true" signature="tearDown()[pri:0, instance:tests.ContactUsTest@2de23121]" started-at="2024-12-11T21:30:16 EET" name="tearDown" finished-at="2024-12-11T21:30:16 EET" duration-ms="260" status="PASS">
          <reporter-output>
          </reporter-output>
        </test-method> <!-- tearDown -->
      </class> <!-- tests.ContactUsTest -->
    </test> <!-- Command line test -->
  </suite> <!-- tests.ContactUsTest -->
</testng-results>
